<?xml version="1.0" encoding="UTF-8"?>
<testsuite xmlns:xsi="http://www.w3.org/2001/XMLSchema-instance" xsi:noNamespaceSchemaLocation="https://maven.apache.org/surefire/maven-surefire-plugin/xsd/surefire-test-report.xsd" name="Sureify.WebTestAutomationOutline.AppTest" time="0.414" tests="1" errors="0" skipped="0" failures="1">
  <properties>
    <property name="sun.desktop" value="gnome"/>
    <property name="awt.toolkit" value="sun.awt.X11.XToolkit"/>
    <property name="file.encoding.pkg" value="sun.io"/>
    <property name="java.specification.version" value="1.8"/>
    <property name="sun.cpu.isalist" value=""/>
    <property name="sun.jnu.encoding" value="UTF-8"/>
    <property name="java.class.path" value="/home/madhubabu/Desktop/WorkBase/TestDev/Jbase/WebTestAutomationOutline/target/test-classes:/home/madhubabu/Desktop/WorkBase/TestDev/Jbase/WebTestAutomationOutline/target/classes:/home/madhubabu/.m2/repository/junit/junit/4.11/junit-4.11.jar:/home/madhubabu/.m2/repository/org/hamcrest/hamcrest-core/1.3/hamcrest-core-1.3.jar:/home/madhubabu/.m2/repository/org/seleniumhq/selenium/selenium-java/3.141.59/selenium-java-3.141.59.jar:/home/madhubabu/.m2/repository/org/seleniumhq/selenium/selenium-api/3.141.59/selenium-api-3.141.59.jar:/home/madhubabu/.m2/repository/org/seleniumhq/selenium/selenium-edge-driver/3.141.59/selenium-edge-driver-3.141.59.jar:/home/madhubabu/.m2/repository/org/seleniumhq/selenium/selenium-ie-driver/3.141.59/selenium-ie-driver-3.141.59.jar:/home/madhubabu/.m2/repository/org/seleniumhq/selenium/selenium-opera-driver/3.141.59/selenium-opera-driver-3.141.59.jar:/home/madhubabu/.m2/repository/org/seleniumhq/selenium/selenium-remote-driver/3.141.59/selenium-remote-driver-3.141.59.jar:/home/madhubabu/.m2/repository/org/seleniumhq/selenium/selenium-safari-driver/3.141.59/selenium-safari-driver-3.141.59.jar:/home/madhubabu/.m2/repository/org/seleniumhq/selenium/selenium-support/3.141.59/selenium-support-3.141.59.jar:/home/madhubabu/.m2/repository/net/bytebuddy/byte-buddy/1.8.15/byte-buddy-1.8.15.jar:/home/madhubabu/.m2/repository/org/apache/commons/commons-exec/1.3/commons-exec-1.3.jar:/home/madhubabu/.m2/repository/com/google/guava/guava/25.0-jre/guava-25.0-jre.jar:/home/madhubabu/.m2/repository/com/google/code/findbugs/jsr305/1.3.9/jsr305-1.3.9.jar:/home/madhubabu/.m2/repository/org/checkerframework/checker-compat-qual/2.0.0/checker-compat-qual-2.0.0.jar:/home/madhubabu/.m2/repository/com/google/errorprone/error_prone_annotations/2.1.3/error_prone_annotations-2.1.3.jar:/home/madhubabu/.m2/repository/com/google/j2objc/j2objc-annotations/1.1/j2objc-annotations-1.1.jar:/home/madhubabu/.m2/repository/org/codehaus/mojo/animal-sniffer-annotations/1.14/animal-sniffer-annotations-1.14.jar:/home/madhubabu/.m2/repository/com/squareup/okhttp3/okhttp/3.11.0/okhttp-3.11.0.jar:/home/madhubabu/.m2/repository/com/squareup/okio/okio/1.14.0/okio-1.14.0.jar:/home/madhubabu/.m2/repository/org/testng/testng/7.1.0/testng-7.1.0.jar:/home/madhubabu/.m2/repository/com/beust/jcommander/1.72/jcommander-1.72.jar:/home/madhubabu/.m2/repository/com/google/inject/guice/4.1.0/guice-4.1.0-no_aop.jar:/home/madhubabu/.m2/repository/javax/inject/javax.inject/1/javax.inject-1.jar:/home/madhubabu/.m2/repository/aopalliance/aopalliance/1.0/aopalliance-1.0.jar:/home/madhubabu/.m2/repository/org/yaml/snakeyaml/1.21/snakeyaml-1.21.jar:/home/madhubabu/.m2/repository/org/seleniumhq/selenium/selenium-firefox-driver/3.141.59/selenium-firefox-driver-3.141.59.jar:/home/madhubabu/.m2/repository/com/relevantcodes/extentreports/2.41.2/extentreports-2.41.2.jar:/home/madhubabu/.m2/repository/org/jsoup/jsoup/1.8.3/jsoup-1.8.3.jar:/home/madhubabu/.m2/repository/org/xerial/sqlite-jdbc/3.8.11.1/sqlite-jdbc-3.8.11.1.jar:/home/madhubabu/.m2/repository/org/freemarker/freemarker/2.3.23/freemarker-2.3.23.jar:/home/madhubabu/.m2/repository/org/mongodb/mongodb-driver/3.0.4/mongodb-driver-3.0.4.jar:/home/madhubabu/.m2/repository/org/mongodb/bson/3.0.4/bson-3.0.4.jar:/home/madhubabu/.m2/repository/org/mongodb/mongodb-driver-core/3.0.4/mongodb-driver-core-3.0.4.jar:/home/madhubabu/.m2/repository/com/fasterxml/jackson/dataformat/jackson-dataformat-yaml/2.10.2/jackson-dataformat-yaml-2.10.2.jar:/home/madhubabu/.m2/repository/com/fasterxml/jackson/core/jackson-core/2.10.2/jackson-core-2.10.2.jar:/home/madhubabu/.m2/repository/com/fasterxml/jackson/core/jackson-databind/2.10.2/jackson-databind-2.10.2.jar:/home/madhubabu/.m2/repository/com/fasterxml/jackson/core/jackson-annotations/2.10.2/jackson-annotations-2.10.2.jar:/home/madhubabu/.m2/repository/org/apache/commons/commons-lang3/3.9/commons-lang3-3.9.jar:/home/madhubabu/.m2/repository/commons-io/commons-io/2.6/commons-io-2.6.jar:/home/madhubabu/.m2/repository/org/bytedeco/javacv/1.2/javacv-1.2.jar:/home/madhubabu/.m2/repository/org/bytedeco/javacpp/1.2/javacpp-1.2.jar:/home/madhubabu/.m2/repository/org/bytedeco/javacpp-presets/opencv/3.1.0-1.2/opencv-3.1.0-1.2.jar:/home/madhubabu/.m2/repository/org/bytedeco/javacpp-presets/opencv/3.1.0-1.2/opencv-3.1.0-1.2-linux-x86_64.jar:/home/madhubabu/.m2/repository/org/bytedeco/javacpp-presets/ffmpeg/3.0.2-1.2/ffmpeg-3.0.2-1.2.jar:/home/madhubabu/.m2/repository/org/bytedeco/javacpp-presets/ffmpeg/3.0.2-1.2/ffmpeg-3.0.2-1.2-linux-x86_64.jar:/home/madhubabu/.m2/repository/org/bytedeco/javacpp-presets/flycapture/2.9.3.43-1.2/flycapture-2.9.3.43-1.2.jar:/home/madhubabu/.m2/repository/org/bytedeco/javacpp-presets/flycapture/2.9.3.43-1.2/flycapture-2.9.3.43-1.2-linux-x86_64.jar:/home/madhubabu/.m2/repository/org/bytedeco/javacpp-presets/libdc1394/2.2.4-1.2/libdc1394-2.2.4-1.2.jar:/home/madhubabu/.m2/repository/org/bytedeco/javacpp-presets/libdc1394/2.2.4-1.2/libdc1394-2.2.4-1.2-linux-x86_64.jar:/home/madhubabu/.m2/repository/org/bytedeco/javacpp-presets/libfreenect/0.5.3-1.2/libfreenect-0.5.3-1.2.jar:/home/madhubabu/.m2/repository/org/bytedeco/javacpp-presets/libfreenect/0.5.3-1.2/libfreenect-0.5.3-1.2-linux-x86_64.jar:/home/madhubabu/.m2/repository/org/bytedeco/javacpp-presets/videoinput/0.200-1.2/videoinput-0.200-1.2.jar:/home/madhubabu/.m2/repository/org/bytedeco/javacpp-presets/videoinput/0.200-1.2/videoinput-0.200-1.2-linux-x86_64.jar:/home/madhubabu/.m2/repository/org/bytedeco/javacpp-presets/artoolkitplus/2.3.1-1.2/artoolkitplus-2.3.1-1.2.jar:/home/madhubabu/.m2/repository/org/bytedeco/javacpp-presets/artoolkitplus/2.3.1-1.2/artoolkitplus-2.3.1-1.2-linux-x86_64.jar:/home/madhubabu/.m2/repository/org/bytedeco/javacpp-presets/flandmark/1.07-1.2/flandmark-1.07-1.2.jar:/home/madhubabu/.m2/repository/org/bytedeco/javacpp-presets/flandmark/1.07-1.2/flandmark-1.07-1.2-linux-x86_64.jar:/home/madhubabu/.m2/repository/javax/media/jmf/2.1.1e/jmf-2.1.1e.jar:/home/madhubabu/.m2/repository/com/github/stephenc/monte/monte-screen-recorder/0.7.7.0/monte-screen-recorder-0.7.7.0.jar:/home/madhubabu/.m2/repository/org/openimaj/xuggle-video/1.3.10/xuggle-video-1.3.10.jar:/home/madhubabu/.m2/repository/xuggle/xuggle-xuggler-lgpl/5.5-20140728/xuggle-xuggler-lgpl-5.5-20140728.jar:/home/madhubabu/.m2/repository/commons-cli/commons-cli/1.1/commons-cli-1.1.jar:/home/madhubabu/.m2/repository/ch/qos/logback/logback-core/1.0.0/logback-core-1.0.0.jar:/home/madhubabu/.m2/repository/ch/qos/logback/logback-classic/1.0.0/logback-classic-1.0.0.jar:/home/madhubabu/.m2/repository/org/openimaj/core-video/1.3.10/core-video-1.3.10.jar:/home/madhubabu/.m2/repository/org/openimaj/core-image/1.3.10/core-image-1.3.10.jar:/home/madhubabu/.m2/repository/com/googlecode/json-simple/json-simple/1.1/json-simple-1.1.jar:/home/madhubabu/.m2/repository/net/sourceforge/jeuclid/jeuclid-core/3.1.9/jeuclid-core-3.1.9.jar:/home/madhubabu/.m2/repository/org/apache/xmlgraphics/batik-svg-dom/1.7/batik-svg-dom-1.7.jar:/home/madhubabu/.m2/repository/org/apache/xmlgraphics/batik-anim/1.7/batik-anim-1.7.jar:/home/madhubabu/.m2/repository/org/apache/xmlgraphics/batik-awt-util/1.7/batik-awt-util-1.7.jar:/home/madhubabu/.m2/repository/org/apache/xmlgraphics/batik-css/1.7/batik-css-1.7.jar:/home/madhubabu/.m2/repository/org/apache/xmlgraphics/batik-dom/1.7/batik-dom-1.7.jar:/home/madhubabu/.m2/repository/org/apache/xmlgraphics/batik-xml/1.7/batik-xml-1.7.jar:/home/madhubabu/.m2/repository/org/apache/xmlgraphics/batik-ext/1.7/batik-ext-1.7.jar:/home/madhubabu/.m2/repository/org/apache/xmlgraphics/batik-parser/1.7/batik-parser-1.7.jar:/home/madhubabu/.m2/repository/org/apache/xmlgraphics/batik-util/1.7/batik-util-1.7.jar:/home/madhubabu/.m2/repository/xml-apis/xml-apis-ext/1.3.04/xml-apis-ext-1.3.04.jar:/home/madhubabu/.m2/repository/org/apache/xmlgraphics/xmlgraphics-commons/1.3.1/xmlgraphics-commons-1.3.1.jar:/home/madhubabu/.m2/repository/uk/ac/ed/ph/snuggletex/snuggletex-core/1.2.2/snuggletex-core-1.2.2.jar:/home/madhubabu/.m2/repository/uk/ac/ed/ph/snuggletex/snuggletex-upconversion/1.2.2/snuggletex-upconversion-1.2.2.jar:/home/madhubabu/.m2/repository/net/sf/saxon/saxon9/9.1.0.8/saxon9-9.1.0.8.jar:/home/madhubabu/.m2/repository/net/sf/saxon/saxon9-dom/9.1.0.8/saxon9-dom-9.1.0.8.jar:/home/madhubabu/.m2/repository/uk/ac/ed/ph/snuggletex/snuggletex-jeuclid/1.2.2/snuggletex-jeuclid-1.2.2.jar:/home/madhubabu/.m2/repository/com/flickr4java/flickr4java/2.13_jonhare_0408059615bfa8da071c2e54268e3004ce62d6a4/flickr4java-2.13_jonhare_0408059615bfa8da071c2e54268e3004ce62d6a4.jar:/home/madhubabu/.m2/repository/org/scribe/scribe/1.3.5/scribe-1.3.5.jar:/home/madhubabu/.m2/repository/org/apache/axis/axis/1.4/axis-1.4.jar:/home/madhubabu/.m2/repository/log4j/log4j/1.2.17/log4j-1.2.17.jar:/home/madhubabu/.m2/repository/org/openimaj/core-math/1.3.10/core-math-1.3.10.jar:/home/madhubabu/.m2/repository/gov/nist/math/jama/1.0.3/jama-1.0.3.jar:/home/madhubabu/.m2/repository/org/la4j/la4j/0.4.0/la4j-0.4.0.jar:/home/madhubabu/.m2/repository/com/googlecode/matrix-toolkits-java/mtj/1.0.2/mtj-1.0.2.jar:/home/madhubabu/.m2/repository/net/sourceforge/f2j/arpack_combined_all/0.1/arpack_combined_all-0.1.jar:/home/madhubabu/.m2/repository/com/github/fommil/netlib/core/1.1.2/core-1.1.2.jar:/home/madhubabu/.m2/repository/com/github/fommil/netlib/netlib-native_ref-osx-x86_64/1.1/netlib-native_ref-osx-x86_64-1.1-natives.jar:/home/madhubabu/.m2/repository/com/github/fommil/netlib/native_ref-java/1.1/native_ref-java-1.1.jar:/home/madhubabu/.m2/repository/com/github/fommil/jniloader/1.1/jniloader-1.1.jar:/home/madhubabu/.m2/repository/com/github/fommil/netlib/netlib-native_ref-linux-x86_64/1.1/netlib-native_ref-linux-x86_64-1.1-natives.jar:/home/madhubabu/.m2/repository/com/github/fommil/netlib/netlib-native_ref-linux-i686/1.1/netlib-native_ref-linux-i686-1.1-natives.jar:/home/madhubabu/.m2/repository/com/github/fommil/netlib/netlib-native_ref-win-x86_64/1.1/netlib-native_ref-win-x86_64-1.1-natives.jar:/home/madhubabu/.m2/repository/com/github/fommil/netlib/netlib-native_ref-win-i686/1.1/netlib-native_ref-win-i686-1.1-natives.jar:/home/madhubabu/.m2/repository/com/github/fommil/netlib/netlib-native_ref-linux-armhf/1.1/netlib-native_ref-linux-armhf-1.1-natives.jar:/home/madhubabu/.m2/repository/com/github/fommil/netlib/netlib-native_system-osx-x86_64/1.1/netlib-native_system-osx-x86_64-1.1-natives.jar:/home/madhubabu/.m2/repository/com/github/fommil/netlib/native_system-java/1.1/native_system-java-1.1.jar:/home/madhubabu/.m2/repository/com/github/fommil/netlib/netlib-native_system-linux-x86_64/1.1/netlib-native_system-linux-x86_64-1.1-natives.jar:/home/madhubabu/.m2/repository/com/github/fommil/netlib/netlib-native_system-linux-i686/1.1/netlib-native_system-linux-i686-1.1-natives.jar:/home/madhubabu/.m2/repository/com/github/fommil/netlib/netlib-native_system-linux-armhf/1.1/netlib-native_system-linux-armhf-1.1-natives.jar:/home/madhubabu/.m2/repository/com/github/fommil/netlib/netlib-native_system-win-x86_64/1.1/netlib-native_system-win-x86_64-1.1-natives.jar:/home/madhubabu/.m2/repository/com/github/fommil/netlib/netlib-native_system-win-i686/1.1/netlib-native_system-win-i686-1.1-natives.jar:/home/madhubabu/.m2/repository/net/jafama/jafama/2.1.0/jafama-2.1.0.jar:/home/madhubabu/.m2/repository/jgrapht/jgrapht/0.8.2/jgrapht-0.8.2.jar:/home/madhubabu/.m2/repository/org/openimaj/MatrixLib/1.3.10/MatrixLib-1.3.10.jar:/home/madhubabu/.m2/repository/com/googlecode/netlib-java/netlib-java/0.9.3/netlib-java-0.9.3.jar:/home/madhubabu/.m2/repository/gov/sandia/foundry/gov-sandia-cognition-common-core/3.3.0/gov-sandia-cognition-common-core-3.3.0.jar:/home/madhubabu/.m2/repository/com/thoughtworks/xstream/xstream/1.4.3/xstream-1.4.3.jar:/home/madhubabu/.m2/repository/xmlpull/xmlpull/1.1.3.1/xmlpull-1.1.3.1.jar:/home/madhubabu/.m2/repository/xpp3/xpp3_min/1.1.4c/xpp3_min-1.1.4c.jar:/home/madhubabu/.m2/repository/gov/sandia/foundry/gov-sandia-cognition-learning-core/3.3.0/gov-sandia-cognition-learning-core-3.3.0.jar:/home/madhubabu/.m2/repository/net/sourceforge/jmatio/jmatio/1.2/jmatio-1.2.jar:/home/madhubabu/.m2/repository/org/apache/commons/commons-math3/3.3/commons-math3-3.3.jar:/home/madhubabu/.m2/repository/org/apache/sanselan/sanselan/0.97-incubator/sanselan-0.97-incubator.jar:/home/madhubabu/.m2/repository/com/caffeineowl/bezier-utils/1.0.0-RELEASE/bezier-utils-1.0.0-RELEASE.jar:/home/madhubabu/.m2/repository/javax/media/jai-core/1.1.3/jai-core-1.1.3.jar:/home/madhubabu/.m2/repository/com/sun/media/jai-codec/1.1.3/jai-codec-1.1.3.jar:/home/madhubabu/.m2/repository/com/twelvemonkeys/imageio/imageio-jpeg/3.3.2/imageio-jpeg-3.3.2.jar:/home/madhubabu/.m2/repository/com/twelvemonkeys/imageio/imageio-metadata/3.3.2/imageio-metadata-3.3.2.jar:/home/madhubabu/.m2/repository/com/twelvemonkeys/common/common-io/3.3.2/common-io-3.3.2.jar:/home/madhubabu/.m2/repository/com/twelvemonkeys/common/common-image/3.3.2/common-image-3.3.2.jar:/home/madhubabu/.m2/repository/com/twelvemonkeys/imageio/imageio-core/3.3.2/imageio-core-3.3.2.jar:/home/madhubabu/.m2/repository/com/twelvemonkeys/common/common-lang/3.3.2/common-lang-3.3.2.jar:/home/madhubabu/.m2/repository/org/openimaj/content/animation/1.3.10/animation-1.3.10.jar:/home/madhubabu/.m2/repository/org/openimaj/core-audio/1.3.10/core-audio-1.3.10.jar:/home/madhubabu/.m2/repository/org/openimaj/core/1.3.10/core-1.3.10.jar:/home/madhubabu/.m2/repository/org/openimaj/core-citation/1.3.10/core-citation-1.3.10.jar:/home/madhubabu/.m2/repository/org/openimaj/core-aop-support/1.3.10/core-aop-support-1.3.10.jar:/home/madhubabu/.m2/repository/javassist/javassist/3.12.1.GA/javassist-3.12.1.GA.jar:/home/madhubabu/.m2/repository/org/jbibtex/jbibtex/1.0.2/jbibtex-1.0.2.jar:/home/madhubabu/.m2/repository/net/sf/trove4j/trove4j/3.0.2/trove4j-3.0.2.jar:/home/madhubabu/.m2/repository/colt/colt/1.2.0/colt-1.2.0.jar:/home/madhubabu/.m2/repository/concurrent/concurrent/1.3.4/concurrent-1.3.4.jar:/home/madhubabu/.m2/repository/org/apache/logging/log4j/log4j-core/2.11.0/log4j-core-2.11.0.jar:/home/madhubabu/.m2/repository/org/apache/logging/log4j/log4j-api/2.11.0/log4j-api-2.11.0.jar:/home/madhubabu/.m2/repository/commons-lang/commons-lang/2.6/commons-lang-2.6.jar:/home/madhubabu/.m2/repository/org/apache/commons/commons-vfs2/2.0/commons-vfs2-2.0.jar:/home/madhubabu/.m2/repository/org/apache/maven/scm/maven-scm-api/1.4/maven-scm-api-1.4.jar:/home/madhubabu/.m2/repository/org/apache/maven/scm/maven-scm-provider-svnexe/1.4/maven-scm-provider-svnexe-1.4.jar:/home/madhubabu/.m2/repository/org/apache/maven/scm/maven-scm-provider-svn-commons/1.4/maven-scm-provider-svn-commons-1.4.jar:/home/madhubabu/.m2/repository/regexp/regexp/1.3/regexp-1.3.jar:/home/madhubabu/.m2/repository/com/esotericsoftware/kryo/kryo/2.21/kryo-2.21.jar:/home/madhubabu/.m2/repository/com/esotericsoftware/reflectasm/reflectasm/1.07/reflectasm-1.07-shaded.jar:/home/madhubabu/.m2/repository/org/ow2/asm/asm/4.0/asm-4.0.jar:/home/madhubabu/.m2/repository/com/esotericsoftware/minlog/minlog/1.2/minlog-1.2.jar:/home/madhubabu/.m2/repository/org/objenesis/objenesis/1.2/objenesis-1.2.jar:/home/madhubabu/.m2/repository/vigna/dsi/unimi/it/jal/20031117/jal-20031117.jar:/home/madhubabu/.m2/repository/org/apache/ant/ant/1.8.4/ant-1.8.4.jar:/home/madhubabu/.m2/repository/org/apache/ant/ant-launcher/1.8.4/ant-launcher-1.8.4.jar:/home/madhubabu/.m2/repository/uk/com/robust-it/cloning/1.9.10/cloning-1.9.10.jar:/home/madhubabu/.m2/repository/org/jcodec/jcodec/0.1.9/jcodec-0.1.9.jar:/home/madhubabu/.m2/repository/io/qameta/allure/allure-maven/2.8/allure-maven-2.8.jar:/home/madhubabu/.m2/repository/org/slf4j/slf4j-api/1.7.25/slf4j-api-1.7.25.jar:/home/madhubabu/.m2/repository/org/apache/httpcomponents/httpclient/4.5.3/httpclient-4.5.3.jar:/home/madhubabu/.m2/repository/org/apache/httpcomponents/httpcore/4.4.6/httpcore-4.4.6.jar:/home/madhubabu/.m2/repository/commons-logging/commons-logging/1.2/commons-logging-1.2.jar:/home/madhubabu/.m2/repository/org/apache/maven/maven-core/3.3.9/maven-core-3.3.9.jar:/home/madhubabu/.m2/repository/org/apache/maven/maven-model/3.3.9/maven-model-3.3.9.jar:/home/madhubabu/.m2/repository/org/apache/maven/maven-settings/3.3.9/maven-settings-3.3.9.jar:/home/madhubabu/.m2/repository/org/apache/maven/maven-settings-builder/3.3.9/maven-settings-builder-3.3.9.jar:/home/madhubabu/.m2/repository/org/apache/maven/maven-builder-support/3.3.9/maven-builder-support-3.3.9.jar:/home/madhubabu/.m2/repository/org/apache/maven/maven-repository-metadata/3.3.9/maven-repository-metadata-3.3.9.jar:/home/madhubabu/.m2/repository/org/apache/maven/maven-artifact/3.3.9/maven-artifact-3.3.9.jar:/home/madhubabu/.m2/repository/org/apache/maven/maven-plugin-api/3.3.9/maven-plugin-api-3.3.9.jar:/home/madhubabu/.m2/repository/org/apache/maven/maven-model-builder/3.3.9/maven-model-builder-3.3.9.jar:/home/madhubabu/.m2/repository/org/apache/maven/maven-aether-provider/3.3.9/maven-aether-provider-3.3.9.jar:/home/madhubabu/.m2/repository/org/eclipse/aether/aether-spi/1.0.2.v20150114/aether-spi-1.0.2.v20150114.jar:/home/madhubabu/.m2/repository/org/eclipse/aether/aether-impl/1.0.2.v20150114/aether-impl-1.0.2.v20150114.jar:/home/madhubabu/.m2/repository/org/eclipse/aether/aether-api/1.0.2.v20150114/aether-api-1.0.2.v20150114.jar:/home/madhubabu/.m2/repository/org/eclipse/aether/aether-util/1.0.2.v20150114/aether-util-1.0.2.v20150114.jar:/home/madhubabu/.m2/repository/org/eclipse/sisu/org.eclipse.sisu.plexus/0.3.2/org.eclipse.sisu.plexus-0.3.2.jar:/home/madhubabu/.m2/repository/javax/enterprise/cdi-api/1.0/cdi-api-1.0.jar:/home/madhubabu/.m2/repository/javax/annotation/jsr250-api/1.0/jsr250-api-1.0.jar:/home/madhubabu/.m2/repository/org/eclipse/sisu/org.eclipse.sisu.inject/0.3.2/org.eclipse.sisu.inject-0.3.2.jar:/home/madhubabu/.m2/repository/org/codehaus/plexus/plexus-interpolation/1.21/plexus-interpolation-1.21.jar:/home/madhubabu/.m2/repository/org/codehaus/plexus/plexus-utils/3.0.22/plexus-utils-3.0.22.jar:/home/madhubabu/.m2/repository/org/codehaus/plexus/plexus-classworlds/2.5.2/plexus-classworlds-2.5.2.jar:/home/madhubabu/.m2/repository/org/codehaus/plexus/plexus-component-annotations/1.6/plexus-component-annotations-1.6.jar:/home/madhubabu/.m2/repository/org/sonatype/plexus/plexus-sec-dispatcher/1.3/plexus-sec-dispatcher-1.3.jar:/home/madhubabu/.m2/repository/org/sonatype/plexus/plexus-cipher/1.4/plexus-cipher-1.4.jar:/home/madhubabu/.m2/repository/org/apache/maven/reporting/maven-reporting-impl/2.4/maven-reporting-impl-2.4.jar:/home/madhubabu/.m2/repository/org/apache/maven/reporting/maven-reporting-api/3.0/maven-reporting-api-3.0.jar:/home/madhubabu/.m2/repository/org/apache/maven/maven-project/2.2.1/maven-project-2.2.1.jar:/home/madhubabu/.m2/repository/org/apache/maven/maven-profile/2.2.1/maven-profile-2.2.1.jar:/home/madhubabu/.m2/repository/org/apache/maven/maven-artifact-manager/2.2.1/maven-artifact-manager-2.2.1.jar:/home/madhubabu/.m2/repository/backport-util-concurrent/backport-util-concurrent/3.1/backport-util-concurrent-3.1.jar:/home/madhubabu/.m2/repository/org/apache/maven/maven-plugin-registry/2.2.1/maven-plugin-registry-2.2.1.jar:/home/madhubabu/.m2/repository/org/codehaus/plexus/plexus-container-default/1.0-alpha-9-stable-1/plexus-container-default-1.0-alpha-9-stable-1.jar:/home/madhubabu/.m2/repository/classworlds/classworlds/1.1-alpha-2/classworlds-1.1-alpha-2.jar:/home/madhubabu/.m2/repository/org/apache/maven/shared/maven-shared-utils/0.6/maven-shared-utils-0.6.jar:/home/madhubabu/.m2/repository/org/apache/maven/doxia/doxia-sink-api/1.6/doxia-sink-api-1.6.jar:/home/madhubabu/.m2/repository/org/apache/maven/doxia/doxia-logging-api/1.6/doxia-logging-api-1.6.jar:/home/madhubabu/.m2/repository/org/apache/maven/doxia/doxia-core/1.6/doxia-core-1.6.jar:/home/madhubabu/.m2/repository/xerces/xercesImpl/2.9.1/xercesImpl-2.9.1.jar:/home/madhubabu/.m2/repository/xmlunit/xmlunit/1.5/xmlunit-1.5.jar:/home/madhubabu/.m2/repository/org/apache/maven/doxia/doxia-site-renderer/1.6/doxia-site-renderer-1.6.jar:/home/madhubabu/.m2/repository/org/apache/maven/doxia/doxia-decoration-model/1.6/doxia-decoration-model-1.6.jar:/home/madhubabu/.m2/repository/org/apache/maven/doxia/doxia-module-xhtml/1.6/doxia-module-xhtml-1.6.jar:/home/madhubabu/.m2/repository/org/apache/maven/doxia/doxia-module-fml/1.6/doxia-module-fml-1.6.jar:/home/madhubabu/.m2/repository/org/codehaus/plexus/plexus-i18n/1.0-beta-7/plexus-i18n-1.0-beta-7.jar:/home/madhubabu/.m2/repository/org/codehaus/plexus/plexus-velocity/1.1.7/plexus-velocity-1.1.7.jar:/home/madhubabu/.m2/repository/org/apache/velocity/velocity-tools/2.0/velocity-tools-2.0.jar:/home/madhubabu/.m2/repository/commons-chain/commons-chain/1.1/commons-chain-1.1.jar:/home/madhubabu/.m2/repository/dom4j/dom4j/1.1/dom4j-1.1.jar:/home/madhubabu/.m2/repository/sslext/sslext/1.2-0/sslext-1.2-0.jar:/home/madhubabu/.m2/repository/org/apache/struts/struts-core/1.3.8/struts-core-1.3.8.jar:/home/madhubabu/.m2/repository/antlr/antlr/2.7.2/antlr-2.7.2.jar:/home/madhubabu/.m2/repository/org/apache/struts/struts-taglib/1.3.8/struts-taglib-1.3.8.jar:/home/madhubabu/.m2/repository/org/apache/struts/struts-tiles/1.3.8/struts-tiles-1.3.8.jar:/home/madhubabu/.m2/repository/commons-validator/commons-validator/1.4.1/commons-validator-1.4.1.jar:/home/madhubabu/.m2/repository/commons-digester/commons-digester/1.8.1/commons-digester-1.8.1.jar:/home/madhubabu/.m2/repository/commons-beanutils/commons-beanutils/1.9.3/commons-beanutils-1.9.3.jar:/home/madhubabu/.m2/repository/commons-collections/commons-collections/3.2.2/commons-collections-3.2.2.jar:/home/madhubabu/.m2/repository/net/lingala/zip4j/zip4j/1.3.2/zip4j-1.3.2.jar:/home/madhubabu/.m2/repository/org/apache/maven/plugin-tools/maven-plugin-annotations/3.2/maven-plugin-annotations-3.2.jar:/home/madhubabu/.m2/repository/org/apache/maven/plugins/maven-jxr-plugin/2.5/maven-jxr-plugin-2.5.jar:/home/madhubabu/.m2/repository/org/apache/velocity/velocity/1.5/velocity-1.5.jar:/home/madhubabu/.m2/repository/oro/oro/2.0.8/oro-2.0.8.jar:/home/madhubabu/.m2/repository/org/apache/maven/maven-jxr/2.5/maven-jxr-2.5.jar:/home/madhubabu/.m2/repository/org/apache/maven/wagon/wagon-provider-api/1.0/wagon-provider-api-1.0.jar:/home/madhubabu/.m2/repository/xml-apis/xml-apis/1.0.b2/xml-apis-1.0.b2.jar:/home/madhubabu/.m2/repository/xalan/xalan/2.7.0/xalan-2.7.0.jar:/home/madhubabu/.m2/repository/org/aspectj/aspectjweaver/1.9.5/aspectjweaver-1.9.5.jar:/home/madhubabu/.m2/repository/ru/yandex/qatools/allure/allure-testng-adaptor/1.5.4/allure-testng-adaptor-1.5.4.jar:/home/madhubabu/.m2/repository/ru/yandex/qatools/allure/allure-java-aspects/1.5.4/allure-java-aspects-1.5.4.jar:/home/madhubabu/.m2/repository/ru/yandex/qatools/allure/allure-java-adaptor-api/1.5.4/allure-java-adaptor-api-1.5.4.jar:/home/madhubabu/.m2/repository/ru/yandex/qatools/allure/allure-java-annotations/1.5.4/allure-java-annotations-1.5.4.jar:/home/madhubabu/.m2/repository/ru/yandex/qatools/allure/allure-model/1.5.4/allure-model-1.5.4.jar:/home/madhubabu/.m2/repository/org/jvnet/jaxb2_commons/jaxb2-basics-runtime/0.9.3/jaxb2-basics-runtime-0.9.3.jar:/home/madhubabu/.m2/repository/ru/qatools/commons/properties/2.0.RC5/properties-2.0.RC5.jar:/home/madhubabu/.m2/repository/org/apache/tika/tika-core/1.7/tika-core-1.7.jar:/home/madhubabu/.m2/repository/org/aspectj/aspectjrt/1.8.3/aspectjrt-1.8.3.jar:/home/madhubabu/.m2/repository/org/apache/poi/poi/3.17/poi-3.17.jar:/home/madhubabu/.m2/repository/commons-codec/commons-codec/1.10/commons-codec-1.10.jar:/home/madhubabu/.m2/repository/org/apache/commons/commons-collections4/4.1/commons-collections4-4.1.jar:/home/madhubabu/.m2/repository/org/apache/poi/poi-ooxml/3.17/poi-ooxml-3.17.jar:/home/madhubabu/.m2/repository/com/github/virtuald/curvesapi/1.04/curvesapi-1.04.jar:/home/madhubabu/.m2/repository/org/apache/poi/poi-ooxml-schemas/3.17/poi-ooxml-schemas-3.17.jar:/home/madhubabu/.m2/repository/org/apache/xmlbeans/xmlbeans/2.6.0/xmlbeans-2.6.0.jar:/home/madhubabu/.m2/repository/stax/stax-api/1.0.1/stax-api-1.0.1.jar:/home/madhubabu/.m2/repository/org/apache/poi/ooxml-schemas/1.3/ooxml-schemas-1.3.jar:/home/madhubabu/.m2/repository/com/opencsv/opencsv/4.1/opencsv-4.1.jar:/home/madhubabu/.m2/repository/org/apache/commons/commons-text/1.1/commons-text-1.1.jar:/home/madhubabu/.m2/repository/org/seleniumhq/selenium/selenium-chrome-driver/3.141.59/selenium-chrome-driver-3.141.59.jar:"/>
    <property name="java.vm.vendor" value="Oracle Corporation"/>
    <property name="sun.arch.data.model" value="64"/>
    <property name="java.vendor.url" value="http://java.oracle.com/"/>
    <property name="user.timezone" value=""/>
    <property name="java.vm.specification.version" value="1.8"/>
    <property name="os.name" value="Linux"/>
    <property name="user.country" value="IN"/>
    <property name="sun.java.launcher" value="SUN_STANDARD"/>
    <property name="sun.boot.library.path" value="/usr/lib/jvm/jdk1.8.0_241/jre/lib/amd64"/>
    <property name="sun.java.command" value="/home/madhubabu/Desktop/WorkBase/TestDev/Jbase/WebTestAutomationOutline/target/surefire/surefirebooter684879571279389450.jar /home/madhubabu/Desktop/WorkBase/TestDev/Jbase/WebTestAutomationOutline/target/surefire 2020-03-04T17-27-17_501-jvmRun1 surefire7136923478696259287tmp surefire_03352463879613707482tmp"/>
    <property name="surefire.test.class.path" value="/home/madhubabu/Desktop/WorkBase/TestDev/Jbase/WebTestAutomationOutline/target/test-classes:/home/madhubabu/Desktop/WorkBase/TestDev/Jbase/WebTestAutomationOutline/target/classes:/home/madhubabu/.m2/repository/junit/junit/4.11/junit-4.11.jar:/home/madhubabu/.m2/repository/org/hamcrest/hamcrest-core/1.3/hamcrest-core-1.3.jar:/home/madhubabu/.m2/repository/org/seleniumhq/selenium/selenium-java/3.141.59/selenium-java-3.141.59.jar:/home/madhubabu/.m2/repository/org/seleniumhq/selenium/selenium-api/3.141.59/selenium-api-3.141.59.jar:/home/madhubabu/.m2/repository/org/seleniumhq/selenium/selenium-edge-driver/3.141.59/selenium-edge-driver-3.141.59.jar:/home/madhubabu/.m2/repository/org/seleniumhq/selenium/selenium-ie-driver/3.141.59/selenium-ie-driver-3.141.59.jar:/home/madhubabu/.m2/repository/org/seleniumhq/selenium/selenium-opera-driver/3.141.59/selenium-opera-driver-3.141.59.jar:/home/madhubabu/.m2/repository/org/seleniumhq/selenium/selenium-remote-driver/3.141.59/selenium-remote-driver-3.141.59.jar:/home/madhubabu/.m2/repository/org/seleniumhq/selenium/selenium-safari-driver/3.141.59/selenium-safari-driver-3.141.59.jar:/home/madhubabu/.m2/repository/org/seleniumhq/selenium/selenium-support/3.141.59/selenium-support-3.141.59.jar:/home/madhubabu/.m2/repository/net/bytebuddy/byte-buddy/1.8.15/byte-buddy-1.8.15.jar:/home/madhubabu/.m2/repository/org/apache/commons/commons-exec/1.3/commons-exec-1.3.jar:/home/madhubabu/.m2/repository/com/google/guava/guava/25.0-jre/guava-25.0-jre.jar:/home/madhubabu/.m2/repository/com/google/code/findbugs/jsr305/1.3.9/jsr305-1.3.9.jar:/home/madhubabu/.m2/repository/org/checkerframework/checker-compat-qual/2.0.0/checker-compat-qual-2.0.0.jar:/home/madhubabu/.m2/repository/com/google/errorprone/error_prone_annotations/2.1.3/error_prone_annotations-2.1.3.jar:/home/madhubabu/.m2/repository/com/google/j2objc/j2objc-annotations/1.1/j2objc-annotations-1.1.jar:/home/madhubabu/.m2/repository/org/codehaus/mojo/animal-sniffer-annotations/1.14/animal-sniffer-annotations-1.14.jar:/home/madhubabu/.m2/repository/com/squareup/okhttp3/okhttp/3.11.0/okhttp-3.11.0.jar:/home/madhubabu/.m2/repository/com/squareup/okio/okio/1.14.0/okio-1.14.0.jar:/home/madhubabu/.m2/repository/org/testng/testng/7.1.0/testng-7.1.0.jar:/home/madhubabu/.m2/repository/com/beust/jcommander/1.72/jcommander-1.72.jar:/home/madhubabu/.m2/repository/com/google/inject/guice/4.1.0/guice-4.1.0-no_aop.jar:/home/madhubabu/.m2/repository/javax/inject/javax.inject/1/javax.inject-1.jar:/home/madhubabu/.m2/repository/aopalliance/aopalliance/1.0/aopalliance-1.0.jar:/home/madhubabu/.m2/repository/org/yaml/snakeyaml/1.21/snakeyaml-1.21.jar:/home/madhubabu/.m2/repository/org/seleniumhq/selenium/selenium-firefox-driver/3.141.59/selenium-firefox-driver-3.141.59.jar:/home/madhubabu/.m2/repository/com/relevantcodes/extentreports/2.41.2/extentreports-2.41.2.jar:/home/madhubabu/.m2/repository/org/jsoup/jsoup/1.8.3/jsoup-1.8.3.jar:/home/madhubabu/.m2/repository/org/xerial/sqlite-jdbc/3.8.11.1/sqlite-jdbc-3.8.11.1.jar:/home/madhubabu/.m2/repository/org/freemarker/freemarker/2.3.23/freemarker-2.3.23.jar:/home/madhubabu/.m2/repository/org/mongodb/mongodb-driver/3.0.4/mongodb-driver-3.0.4.jar:/home/madhubabu/.m2/repository/org/mongodb/bson/3.0.4/bson-3.0.4.jar:/home/madhubabu/.m2/repository/org/mongodb/mongodb-driver-core/3.0.4/mongodb-driver-core-3.0.4.jar:/home/madhubabu/.m2/repository/com/fasterxml/jackson/dataformat/jackson-dataformat-yaml/2.10.2/jackson-dataformat-yaml-2.10.2.jar:/home/madhubabu/.m2/repository/com/fasterxml/jackson/core/jackson-core/2.10.2/jackson-core-2.10.2.jar:/home/madhubabu/.m2/repository/com/fasterxml/jackson/core/jackson-databind/2.10.2/jackson-databind-2.10.2.jar:/home/madhubabu/.m2/repository/com/fasterxml/jackson/core/jackson-annotations/2.10.2/jackson-annotations-2.10.2.jar:/home/madhubabu/.m2/repository/org/apache/commons/commons-lang3/3.9/commons-lang3-3.9.jar:/home/madhubabu/.m2/repository/commons-io/commons-io/2.6/commons-io-2.6.jar:/home/madhubabu/.m2/repository/org/bytedeco/javacv/1.2/javacv-1.2.jar:/home/madhubabu/.m2/repository/org/bytedeco/javacpp/1.2/javacpp-1.2.jar:/home/madhubabu/.m2/repository/org/bytedeco/javacpp-presets/opencv/3.1.0-1.2/opencv-3.1.0-1.2.jar:/home/madhubabu/.m2/repository/org/bytedeco/javacpp-presets/opencv/3.1.0-1.2/opencv-3.1.0-1.2-linux-x86_64.jar:/home/madhubabu/.m2/repository/org/bytedeco/javacpp-presets/ffmpeg/3.0.2-1.2/ffmpeg-3.0.2-1.2.jar:/home/madhubabu/.m2/repository/org/bytedeco/javacpp-presets/ffmpeg/3.0.2-1.2/ffmpeg-3.0.2-1.2-linux-x86_64.jar:/home/madhubabu/.m2/repository/org/bytedeco/javacpp-presets/flycapture/2.9.3.43-1.2/flycapture-2.9.3.43-1.2.jar:/home/madhubabu/.m2/repository/org/bytedeco/javacpp-presets/flycapture/2.9.3.43-1.2/flycapture-2.9.3.43-1.2-linux-x86_64.jar:/home/madhubabu/.m2/repository/org/bytedeco/javacpp-presets/libdc1394/2.2.4-1.2/libdc1394-2.2.4-1.2.jar:/home/madhubabu/.m2/repository/org/bytedeco/javacpp-presets/libdc1394/2.2.4-1.2/libdc1394-2.2.4-1.2-linux-x86_64.jar:/home/madhubabu/.m2/repository/org/bytedeco/javacpp-presets/libfreenect/0.5.3-1.2/libfreenect-0.5.3-1.2.jar:/home/madhubabu/.m2/repository/org/bytedeco/javacpp-presets/libfreenect/0.5.3-1.2/libfreenect-0.5.3-1.2-linux-x86_64.jar:/home/madhubabu/.m2/repository/org/bytedeco/javacpp-presets/videoinput/0.200-1.2/videoinput-0.200-1.2.jar:/home/madhubabu/.m2/repository/org/bytedeco/javacpp-presets/videoinput/0.200-1.2/videoinput-0.200-1.2-linux-x86_64.jar:/home/madhubabu/.m2/repository/org/bytedeco/javacpp-presets/artoolkitplus/2.3.1-1.2/artoolkitplus-2.3.1-1.2.jar:/home/madhubabu/.m2/repository/org/bytedeco/javacpp-presets/artoolkitplus/2.3.1-1.2/artoolkitplus-2.3.1-1.2-linux-x86_64.jar:/home/madhubabu/.m2/repository/org/bytedeco/javacpp-presets/flandmark/1.07-1.2/flandmark-1.07-1.2.jar:/home/madhubabu/.m2/repository/org/bytedeco/javacpp-presets/flandmark/1.07-1.2/flandmark-1.07-1.2-linux-x86_64.jar:/home/madhubabu/.m2/repository/javax/media/jmf/2.1.1e/jmf-2.1.1e.jar:/home/madhubabu/.m2/repository/com/github/stephenc/monte/monte-screen-recorder/0.7.7.0/monte-screen-recorder-0.7.7.0.jar:/home/madhubabu/.m2/repository/org/openimaj/xuggle-video/1.3.10/xuggle-video-1.3.10.jar:/home/madhubabu/.m2/repository/xuggle/xuggle-xuggler-lgpl/5.5-20140728/xuggle-xuggler-lgpl-5.5-20140728.jar:/home/madhubabu/.m2/repository/commons-cli/commons-cli/1.1/commons-cli-1.1.jar:/home/madhubabu/.m2/repository/ch/qos/logback/logback-core/1.0.0/logback-core-1.0.0.jar:/home/madhubabu/.m2/repository/ch/qos/logback/logback-classic/1.0.0/logback-classic-1.0.0.jar:/home/madhubabu/.m2/repository/org/openimaj/core-video/1.3.10/core-video-1.3.10.jar:/home/madhubabu/.m2/repository/org/openimaj/core-image/1.3.10/core-image-1.3.10.jar:/home/madhubabu/.m2/repository/com/googlecode/json-simple/json-simple/1.1/json-simple-1.1.jar:/home/madhubabu/.m2/repository/net/sourceforge/jeuclid/jeuclid-core/3.1.9/jeuclid-core-3.1.9.jar:/home/madhubabu/.m2/repository/org/apache/xmlgraphics/batik-svg-dom/1.7/batik-svg-dom-1.7.jar:/home/madhubabu/.m2/repository/org/apache/xmlgraphics/batik-anim/1.7/batik-anim-1.7.jar:/home/madhubabu/.m2/repository/org/apache/xmlgraphics/batik-awt-util/1.7/batik-awt-util-1.7.jar:/home/madhubabu/.m2/repository/org/apache/xmlgraphics/batik-css/1.7/batik-css-1.7.jar:/home/madhubabu/.m2/repository/org/apache/xmlgraphics/batik-dom/1.7/batik-dom-1.7.jar:/home/madhubabu/.m2/repository/org/apache/xmlgraphics/batik-xml/1.7/batik-xml-1.7.jar:/home/madhubabu/.m2/repository/org/apache/xmlgraphics/batik-ext/1.7/batik-ext-1.7.jar:/home/madhubabu/.m2/repository/org/apache/xmlgraphics/batik-parser/1.7/batik-parser-1.7.jar:/home/madhubabu/.m2/repository/org/apache/xmlgraphics/batik-util/1.7/batik-util-1.7.jar:/home/madhubabu/.m2/repository/xml-apis/xml-apis-ext/1.3.04/xml-apis-ext-1.3.04.jar:/home/madhubabu/.m2/repository/org/apache/xmlgraphics/xmlgraphics-commons/1.3.1/xmlgraphics-commons-1.3.1.jar:/home/madhubabu/.m2/repository/uk/ac/ed/ph/snuggletex/snuggletex-core/1.2.2/snuggletex-core-1.2.2.jar:/home/madhubabu/.m2/repository/uk/ac/ed/ph/snuggletex/snuggletex-upconversion/1.2.2/snuggletex-upconversion-1.2.2.jar:/home/madhubabu/.m2/repository/net/sf/saxon/saxon9/9.1.0.8/saxon9-9.1.0.8.jar:/home/madhubabu/.m2/repository/net/sf/saxon/saxon9-dom/9.1.0.8/saxon9-dom-9.1.0.8.jar:/home/madhubabu/.m2/repository/uk/ac/ed/ph/snuggletex/snuggletex-jeuclid/1.2.2/snuggletex-jeuclid-1.2.2.jar:/home/madhubabu/.m2/repository/com/flickr4java/flickr4java/2.13_jonhare_0408059615bfa8da071c2e54268e3004ce62d6a4/flickr4java-2.13_jonhare_0408059615bfa8da071c2e54268e3004ce62d6a4.jar:/home/madhubabu/.m2/repository/org/scribe/scribe/1.3.5/scribe-1.3.5.jar:/home/madhubabu/.m2/repository/org/apache/axis/axis/1.4/axis-1.4.jar:/home/madhubabu/.m2/repository/log4j/log4j/1.2.17/log4j-1.2.17.jar:/home/madhubabu/.m2/repository/org/openimaj/core-math/1.3.10/core-math-1.3.10.jar:/home/madhubabu/.m2/repository/gov/nist/math/jama/1.0.3/jama-1.0.3.jar:/home/madhubabu/.m2/repository/org/la4j/la4j/0.4.0/la4j-0.4.0.jar:/home/madhubabu/.m2/repository/com/googlecode/matrix-toolkits-java/mtj/1.0.2/mtj-1.0.2.jar:/home/madhubabu/.m2/repository/net/sourceforge/f2j/arpack_combined_all/0.1/arpack_combined_all-0.1.jar:/home/madhubabu/.m2/repository/com/github/fommil/netlib/core/1.1.2/core-1.1.2.jar:/home/madhubabu/.m2/repository/com/github/fommil/netlib/netlib-native_ref-osx-x86_64/1.1/netlib-native_ref-osx-x86_64-1.1-natives.jar:/home/madhubabu/.m2/repository/com/github/fommil/netlib/native_ref-java/1.1/native_ref-java-1.1.jar:/home/madhubabu/.m2/repository/com/github/fommil/jniloader/1.1/jniloader-1.1.jar:/home/madhubabu/.m2/repository/com/github/fommil/netlib/netlib-native_ref-linux-x86_64/1.1/netlib-native_ref-linux-x86_64-1.1-natives.jar:/home/madhubabu/.m2/repository/com/github/fommil/netlib/netlib-native_ref-linux-i686/1.1/netlib-native_ref-linux-i686-1.1-natives.jar:/home/madhubabu/.m2/repository/com/github/fommil/netlib/netlib-native_ref-win-x86_64/1.1/netlib-native_ref-win-x86_64-1.1-natives.jar:/home/madhubabu/.m2/repository/com/github/fommil/netlib/netlib-native_ref-win-i686/1.1/netlib-native_ref-win-i686-1.1-natives.jar:/home/madhubabu/.m2/repository/com/github/fommil/netlib/netlib-native_ref-linux-armhf/1.1/netlib-native_ref-linux-armhf-1.1-natives.jar:/home/madhubabu/.m2/repository/com/github/fommil/netlib/netlib-native_system-osx-x86_64/1.1/netlib-native_system-osx-x86_64-1.1-natives.jar:/home/madhubabu/.m2/repository/com/github/fommil/netlib/native_system-java/1.1/native_system-java-1.1.jar:/home/madhubabu/.m2/repository/com/github/fommil/netlib/netlib-native_system-linux-x86_64/1.1/netlib-native_system-linux-x86_64-1.1-natives.jar:/home/madhubabu/.m2/repository/com/github/fommil/netlib/netlib-native_system-linux-i686/1.1/netlib-native_system-linux-i686-1.1-natives.jar:/home/madhubabu/.m2/repository/com/github/fommil/netlib/netlib-native_system-linux-armhf/1.1/netlib-native_system-linux-armhf-1.1-natives.jar:/home/madhubabu/.m2/repository/com/github/fommil/netlib/netlib-native_system-win-x86_64/1.1/netlib-native_system-win-x86_64-1.1-natives.jar:/home/madhubabu/.m2/repository/com/github/fommil/netlib/netlib-native_system-win-i686/1.1/netlib-native_system-win-i686-1.1-natives.jar:/home/madhubabu/.m2/repository/net/jafama/jafama/2.1.0/jafama-2.1.0.jar:/home/madhubabu/.m2/repository/jgrapht/jgrapht/0.8.2/jgrapht-0.8.2.jar:/home/madhubabu/.m2/repository/org/openimaj/MatrixLib/1.3.10/MatrixLib-1.3.10.jar:/home/madhubabu/.m2/repository/com/googlecode/netlib-java/netlib-java/0.9.3/netlib-java-0.9.3.jar:/home/madhubabu/.m2/repository/gov/sandia/foundry/gov-sandia-cognition-common-core/3.3.0/gov-sandia-cognition-common-core-3.3.0.jar:/home/madhubabu/.m2/repository/com/thoughtworks/xstream/xstream/1.4.3/xstream-1.4.3.jar:/home/madhubabu/.m2/repository/xmlpull/xmlpull/1.1.3.1/xmlpull-1.1.3.1.jar:/home/madhubabu/.m2/repository/xpp3/xpp3_min/1.1.4c/xpp3_min-1.1.4c.jar:/home/madhubabu/.m2/repository/gov/sandia/foundry/gov-sandia-cognition-learning-core/3.3.0/gov-sandia-cognition-learning-core-3.3.0.jar:/home/madhubabu/.m2/repository/net/sourceforge/jmatio/jmatio/1.2/jmatio-1.2.jar:/home/madhubabu/.m2/repository/org/apache/commons/commons-math3/3.3/commons-math3-3.3.jar:/home/madhubabu/.m2/repository/org/apache/sanselan/sanselan/0.97-incubator/sanselan-0.97-incubator.jar:/home/madhubabu/.m2/repository/com/caffeineowl/bezier-utils/1.0.0-RELEASE/bezier-utils-1.0.0-RELEASE.jar:/home/madhubabu/.m2/repository/javax/media/jai-core/1.1.3/jai-core-1.1.3.jar:/home/madhubabu/.m2/repository/com/sun/media/jai-codec/1.1.3/jai-codec-1.1.3.jar:/home/madhubabu/.m2/repository/com/twelvemonkeys/imageio/imageio-jpeg/3.3.2/imageio-jpeg-3.3.2.jar:/home/madhubabu/.m2/repository/com/twelvemonkeys/imageio/imageio-metadata/3.3.2/imageio-metadata-3.3.2.jar:/home/madhubabu/.m2/repository/com/twelvemonkeys/common/common-io/3.3.2/common-io-3.3.2.jar:/home/madhubabu/.m2/repository/com/twelvemonkeys/common/common-image/3.3.2/common-image-3.3.2.jar:/home/madhubabu/.m2/repository/com/twelvemonkeys/imageio/imageio-core/3.3.2/imageio-core-3.3.2.jar:/home/madhubabu/.m2/repository/com/twelvemonkeys/common/common-lang/3.3.2/common-lang-3.3.2.jar:/home/madhubabu/.m2/repository/org/openimaj/content/animation/1.3.10/animation-1.3.10.jar:/home/madhubabu/.m2/repository/org/openimaj/core-audio/1.3.10/core-audio-1.3.10.jar:/home/madhubabu/.m2/repository/org/openimaj/core/1.3.10/core-1.3.10.jar:/home/madhubabu/.m2/repository/org/openimaj/core-citation/1.3.10/core-citation-1.3.10.jar:/home/madhubabu/.m2/repository/org/openimaj/core-aop-support/1.3.10/core-aop-support-1.3.10.jar:/home/madhubabu/.m2/repository/javassist/javassist/3.12.1.GA/javassist-3.12.1.GA.jar:/home/madhubabu/.m2/repository/org/jbibtex/jbibtex/1.0.2/jbibtex-1.0.2.jar:/home/madhubabu/.m2/repository/net/sf/trove4j/trove4j/3.0.2/trove4j-3.0.2.jar:/home/madhubabu/.m2/repository/colt/colt/1.2.0/colt-1.2.0.jar:/home/madhubabu/.m2/repository/concurrent/concurrent/1.3.4/concurrent-1.3.4.jar:/home/madhubabu/.m2/repository/org/apache/logging/log4j/log4j-core/2.11.0/log4j-core-2.11.0.jar:/home/madhubabu/.m2/repository/org/apache/logging/log4j/log4j-api/2.11.0/log4j-api-2.11.0.jar:/home/madhubabu/.m2/repository/commons-lang/commons-lang/2.6/commons-lang-2.6.jar:/home/madhubabu/.m2/repository/org/apache/commons/commons-vfs2/2.0/commons-vfs2-2.0.jar:/home/madhubabu/.m2/repository/org/apache/maven/scm/maven-scm-api/1.4/maven-scm-api-1.4.jar:/home/madhubabu/.m2/repository/org/apache/maven/scm/maven-scm-provider-svnexe/1.4/maven-scm-provider-svnexe-1.4.jar:/home/madhubabu/.m2/repository/org/apache/maven/scm/maven-scm-provider-svn-commons/1.4/maven-scm-provider-svn-commons-1.4.jar:/home/madhubabu/.m2/repository/regexp/regexp/1.3/regexp-1.3.jar:/home/madhubabu/.m2/repository/com/esotericsoftware/kryo/kryo/2.21/kryo-2.21.jar:/home/madhubabu/.m2/repository/com/esotericsoftware/reflectasm/reflectasm/1.07/reflectasm-1.07-shaded.jar:/home/madhubabu/.m2/repository/org/ow2/asm/asm/4.0/asm-4.0.jar:/home/madhubabu/.m2/repository/com/esotericsoftware/minlog/minlog/1.2/minlog-1.2.jar:/home/madhubabu/.m2/repository/org/objenesis/objenesis/1.2/objenesis-1.2.jar:/home/madhubabu/.m2/repository/vigna/dsi/unimi/it/jal/20031117/jal-20031117.jar:/home/madhubabu/.m2/repository/org/apache/ant/ant/1.8.4/ant-1.8.4.jar:/home/madhubabu/.m2/repository/org/apache/ant/ant-launcher/1.8.4/ant-launcher-1.8.4.jar:/home/madhubabu/.m2/repository/uk/com/robust-it/cloning/1.9.10/cloning-1.9.10.jar:/home/madhubabu/.m2/repository/org/jcodec/jcodec/0.1.9/jcodec-0.1.9.jar:/home/madhubabu/.m2/repository/io/qameta/allure/allure-maven/2.8/allure-maven-2.8.jar:/home/madhubabu/.m2/repository/org/slf4j/slf4j-api/1.7.25/slf4j-api-1.7.25.jar:/home/madhubabu/.m2/repository/org/apache/httpcomponents/httpclient/4.5.3/httpclient-4.5.3.jar:/home/madhubabu/.m2/repository/org/apache/httpcomponents/httpcore/4.4.6/httpcore-4.4.6.jar:/home/madhubabu/.m2/repository/commons-logging/commons-logging/1.2/commons-logging-1.2.jar:/home/madhubabu/.m2/repository/org/apache/maven/maven-core/3.3.9/maven-core-3.3.9.jar:/home/madhubabu/.m2/repository/org/apache/maven/maven-model/3.3.9/maven-model-3.3.9.jar:/home/madhubabu/.m2/repository/org/apache/maven/maven-settings/3.3.9/maven-settings-3.3.9.jar:/home/madhubabu/.m2/repository/org/apache/maven/maven-settings-builder/3.3.9/maven-settings-builder-3.3.9.jar:/home/madhubabu/.m2/repository/org/apache/maven/maven-builder-support/3.3.9/maven-builder-support-3.3.9.jar:/home/madhubabu/.m2/repository/org/apache/maven/maven-repository-metadata/3.3.9/maven-repository-metadata-3.3.9.jar:/home/madhubabu/.m2/repository/org/apache/maven/maven-artifact/3.3.9/maven-artifact-3.3.9.jar:/home/madhubabu/.m2/repository/org/apache/maven/maven-plugin-api/3.3.9/maven-plugin-api-3.3.9.jar:/home/madhubabu/.m2/repository/org/apache/maven/maven-model-builder/3.3.9/maven-model-builder-3.3.9.jar:/home/madhubabu/.m2/repository/org/apache/maven/maven-aether-provider/3.3.9/maven-aether-provider-3.3.9.jar:/home/madhubabu/.m2/repository/org/eclipse/aether/aether-spi/1.0.2.v20150114/aether-spi-1.0.2.v20150114.jar:/home/madhubabu/.m2/repository/org/eclipse/aether/aether-impl/1.0.2.v20150114/aether-impl-1.0.2.v20150114.jar:/home/madhubabu/.m2/repository/org/eclipse/aether/aether-api/1.0.2.v20150114/aether-api-1.0.2.v20150114.jar:/home/madhubabu/.m2/repository/org/eclipse/aether/aether-util/1.0.2.v20150114/aether-util-1.0.2.v20150114.jar:/home/madhubabu/.m2/repository/org/eclipse/sisu/org.eclipse.sisu.plexus/0.3.2/org.eclipse.sisu.plexus-0.3.2.jar:/home/madhubabu/.m2/repository/javax/enterprise/cdi-api/1.0/cdi-api-1.0.jar:/home/madhubabu/.m2/repository/javax/annotation/jsr250-api/1.0/jsr250-api-1.0.jar:/home/madhubabu/.m2/repository/org/eclipse/sisu/org.eclipse.sisu.inject/0.3.2/org.eclipse.sisu.inject-0.3.2.jar:/home/madhubabu/.m2/repository/org/codehaus/plexus/plexus-interpolation/1.21/plexus-interpolation-1.21.jar:/home/madhubabu/.m2/repository/org/codehaus/plexus/plexus-utils/3.0.22/plexus-utils-3.0.22.jar:/home/madhubabu/.m2/repository/org/codehaus/plexus/plexus-classworlds/2.5.2/plexus-classworlds-2.5.2.jar:/home/madhubabu/.m2/repository/org/codehaus/plexus/plexus-component-annotations/1.6/plexus-component-annotations-1.6.jar:/home/madhubabu/.m2/repository/org/sonatype/plexus/plexus-sec-dispatcher/1.3/plexus-sec-dispatcher-1.3.jar:/home/madhubabu/.m2/repository/org/sonatype/plexus/plexus-cipher/1.4/plexus-cipher-1.4.jar:/home/madhubabu/.m2/repository/org/apache/maven/reporting/maven-reporting-impl/2.4/maven-reporting-impl-2.4.jar:/home/madhubabu/.m2/repository/org/apache/maven/reporting/maven-reporting-api/3.0/maven-reporting-api-3.0.jar:/home/madhubabu/.m2/repository/org/apache/maven/maven-project/2.2.1/maven-project-2.2.1.jar:/home/madhubabu/.m2/repository/org/apache/maven/maven-profile/2.2.1/maven-profile-2.2.1.jar:/home/madhubabu/.m2/repository/org/apache/maven/maven-artifact-manager/2.2.1/maven-artifact-manager-2.2.1.jar:/home/madhubabu/.m2/repository/backport-util-concurrent/backport-util-concurrent/3.1/backport-util-concurrent-3.1.jar:/home/madhubabu/.m2/repository/org/apache/maven/maven-plugin-registry/2.2.1/maven-plugin-registry-2.2.1.jar:/home/madhubabu/.m2/repository/org/codehaus/plexus/plexus-container-default/1.0-alpha-9-stable-1/plexus-container-default-1.0-alpha-9-stable-1.jar:/home/madhubabu/.m2/repository/classworlds/classworlds/1.1-alpha-2/classworlds-1.1-alpha-2.jar:/home/madhubabu/.m2/repository/org/apache/maven/shared/maven-shared-utils/0.6/maven-shared-utils-0.6.jar:/home/madhubabu/.m2/repository/org/apache/maven/doxia/doxia-sink-api/1.6/doxia-sink-api-1.6.jar:/home/madhubabu/.m2/repository/org/apache/maven/doxia/doxia-logging-api/1.6/doxia-logging-api-1.6.jar:/home/madhubabu/.m2/repository/org/apache/maven/doxia/doxia-core/1.6/doxia-core-1.6.jar:/home/madhubabu/.m2/repository/xerces/xercesImpl/2.9.1/xercesImpl-2.9.1.jar:/home/madhubabu/.m2/repository/xmlunit/xmlunit/1.5/xmlunit-1.5.jar:/home/madhubabu/.m2/repository/org/apache/maven/doxia/doxia-site-renderer/1.6/doxia-site-renderer-1.6.jar:/home/madhubabu/.m2/repository/org/apache/maven/doxia/doxia-decoration-model/1.6/doxia-decoration-model-1.6.jar:/home/madhubabu/.m2/repository/org/apache/maven/doxia/doxia-module-xhtml/1.6/doxia-module-xhtml-1.6.jar:/home/madhubabu/.m2/repository/org/apache/maven/doxia/doxia-module-fml/1.6/doxia-module-fml-1.6.jar:/home/madhubabu/.m2/repository/org/codehaus/plexus/plexus-i18n/1.0-beta-7/plexus-i18n-1.0-beta-7.jar:/home/madhubabu/.m2/repository/org/codehaus/plexus/plexus-velocity/1.1.7/plexus-velocity-1.1.7.jar:/home/madhubabu/.m2/repository/org/apache/velocity/velocity-tools/2.0/velocity-tools-2.0.jar:/home/madhubabu/.m2/repository/commons-chain/commons-chain/1.1/commons-chain-1.1.jar:/home/madhubabu/.m2/repository/dom4j/dom4j/1.1/dom4j-1.1.jar:/home/madhubabu/.m2/repository/sslext/sslext/1.2-0/sslext-1.2-0.jar:/home/madhubabu/.m2/repository/org/apache/struts/struts-core/1.3.8/struts-core-1.3.8.jar:/home/madhubabu/.m2/repository/antlr/antlr/2.7.2/antlr-2.7.2.jar:/home/madhubabu/.m2/repository/org/apache/struts/struts-taglib/1.3.8/struts-taglib-1.3.8.jar:/home/madhubabu/.m2/repository/org/apache/struts/struts-tiles/1.3.8/struts-tiles-1.3.8.jar:/home/madhubabu/.m2/repository/commons-validator/commons-validator/1.4.1/commons-validator-1.4.1.jar:/home/madhubabu/.m2/repository/commons-digester/commons-digester/1.8.1/commons-digester-1.8.1.jar:/home/madhubabu/.m2/repository/commons-beanutils/commons-beanutils/1.9.3/commons-beanutils-1.9.3.jar:/home/madhubabu/.m2/repository/commons-collections/commons-collections/3.2.2/commons-collections-3.2.2.jar:/home/madhubabu/.m2/repository/net/lingala/zip4j/zip4j/1.3.2/zip4j-1.3.2.jar:/home/madhubabu/.m2/repository/org/apache/maven/plugin-tools/maven-plugin-annotations/3.2/maven-plugin-annotations-3.2.jar:/home/madhubabu/.m2/repository/org/apache/maven/plugins/maven-jxr-plugin/2.5/maven-jxr-plugin-2.5.jar:/home/madhubabu/.m2/repository/org/apache/velocity/velocity/1.5/velocity-1.5.jar:/home/madhubabu/.m2/repository/oro/oro/2.0.8/oro-2.0.8.jar:/home/madhubabu/.m2/repository/org/apache/maven/maven-jxr/2.5/maven-jxr-2.5.jar:/home/madhubabu/.m2/repository/org/apache/maven/wagon/wagon-provider-api/1.0/wagon-provider-api-1.0.jar:/home/madhubabu/.m2/repository/xml-apis/xml-apis/1.0.b2/xml-apis-1.0.b2.jar:/home/madhubabu/.m2/repository/xalan/xalan/2.7.0/xalan-2.7.0.jar:/home/madhubabu/.m2/repository/org/aspectj/aspectjweaver/1.9.5/aspectjweaver-1.9.5.jar:/home/madhubabu/.m2/repository/ru/yandex/qatools/allure/allure-testng-adaptor/1.5.4/allure-testng-adaptor-1.5.4.jar:/home/madhubabu/.m2/repository/ru/yandex/qatools/allure/allure-java-aspects/1.5.4/allure-java-aspects-1.5.4.jar:/home/madhubabu/.m2/repository/ru/yandex/qatools/allure/allure-java-adaptor-api/1.5.4/allure-java-adaptor-api-1.5.4.jar:/home/madhubabu/.m2/repository/ru/yandex/qatools/allure/allure-java-annotations/1.5.4/allure-java-annotations-1.5.4.jar:/home/madhubabu/.m2/repository/ru/yandex/qatools/allure/allure-model/1.5.4/allure-model-1.5.4.jar:/home/madhubabu/.m2/repository/org/jvnet/jaxb2_commons/jaxb2-basics-runtime/0.9.3/jaxb2-basics-runtime-0.9.3.jar:/home/madhubabu/.m2/repository/ru/qatools/commons/properties/2.0.RC5/properties-2.0.RC5.jar:/home/madhubabu/.m2/repository/org/apache/tika/tika-core/1.7/tika-core-1.7.jar:/home/madhubabu/.m2/repository/org/aspectj/aspectjrt/1.8.3/aspectjrt-1.8.3.jar:/home/madhubabu/.m2/repository/org/apache/poi/poi/3.17/poi-3.17.jar:/home/madhubabu/.m2/repository/commons-codec/commons-codec/1.10/commons-codec-1.10.jar:/home/madhubabu/.m2/repository/org/apache/commons/commons-collections4/4.1/commons-collections4-4.1.jar:/home/madhubabu/.m2/repository/org/apache/poi/poi-ooxml/3.17/poi-ooxml-3.17.jar:/home/madhubabu/.m2/repository/com/github/virtuald/curvesapi/1.04/curvesapi-1.04.jar:/home/madhubabu/.m2/repository/org/apache/poi/poi-ooxml-schemas/3.17/poi-ooxml-schemas-3.17.jar:/home/madhubabu/.m2/repository/org/apache/xmlbeans/xmlbeans/2.6.0/xmlbeans-2.6.0.jar:/home/madhubabu/.m2/repository/stax/stax-api/1.0.1/stax-api-1.0.1.jar:/home/madhubabu/.m2/repository/org/apache/poi/ooxml-schemas/1.3/ooxml-schemas-1.3.jar:/home/madhubabu/.m2/repository/com/opencsv/opencsv/4.1/opencsv-4.1.jar:/home/madhubabu/.m2/repository/org/apache/commons/commons-text/1.1/commons-text-1.1.jar:/home/madhubabu/.m2/repository/org/seleniumhq/selenium/selenium-chrome-driver/3.141.59/selenium-chrome-driver-3.141.59.jar:"/>
    <property name="sun.cpu.endian" value="little"/>
    <property name="user.home" value="/home/madhubabu"/>
    <property name="user.language" value="en"/>
    <property name="java.specification.vendor" value="Oracle Corporation"/>
    <property name="java.home" value="/usr/lib/jvm/jdk1.8.0_241/jre"/>
    <property name="basedir" value="/home/madhubabu/Desktop/WorkBase/TestDev/Jbase/WebTestAutomationOutline"/>
    <property name="file.separator" value="/"/>
    <property name="line.separator" value="&#10;"/>
    <property name="java.vm.specification.vendor" value="Oracle Corporation"/>
    <property name="java.specification.name" value="Java Platform API Specification"/>
    <property name="java.awt.graphicsenv" value="sun.awt.X11GraphicsEnvironment"/>
    <property name="surefire.real.class.path" value="/home/madhubabu/Desktop/WorkBase/TestDev/Jbase/WebTestAutomationOutline/target/surefire/surefirebooter684879571279389450.jar"/>
    <property name="sun.boot.class.path" value="/usr/lib/jvm/jdk1.8.0_241/jre/lib/resources.jar:/usr/lib/jvm/jdk1.8.0_241/jre/lib/rt.jar:/usr/lib/jvm/jdk1.8.0_241/jre/lib/sunrsasign.jar:/usr/lib/jvm/jdk1.8.0_241/jre/lib/jsse.jar:/usr/lib/jvm/jdk1.8.0_241/jre/lib/jce.jar:/usr/lib/jvm/jdk1.8.0_241/jre/lib/charsets.jar:/usr/lib/jvm/jdk1.8.0_241/jre/lib/jfr.jar:/usr/lib/jvm/jdk1.8.0_241/jre/classes"/>
    <property name="sun.management.compiler" value="HotSpot 64-Bit Tiered Compilers"/>
    <property name="java.runtime.version" value="1.8.0_241-b07"/>
    <property name="user.name" value="madhubabu"/>
    <property name="path.separator" value=":"/>
    <property name="os.version" value="4.15.0-1069-oem"/>
    <property name="java.endorsed.dirs" value="/usr/lib/jvm/jdk1.8.0_241/jre/lib/endorsed"/>
    <property name="java.runtime.name" value="Java(TM) SE Runtime Environment"/>
    <property name="file.encoding" value="UTF-8"/>
    <property name="java.vm.name" value="Java HotSpot(TM) 64-Bit Server VM"/>
    <property name="localRepository" value="/home/madhubabu/.m2/repository"/>
    <property name="java.vendor.url.bug" value="http://bugreport.sun.com/bugreport/"/>
    <property name="java.io.tmpdir" value="/tmp"/>
    <property name="java.version" value="1.8.0_241"/>
    <property name="user.dir" value="/home/madhubabu/Desktop/WorkBase/TestDev/Jbase/WebTestAutomationOutline"/>
    <property name="os.arch" value="amd64"/>
    <property name="java.vm.specification.name" value="Java Virtual Machine Specification"/>
    <property name="java.awt.printerjob" value="sun.print.PSPrinterJob"/>
    <property name="sun.os.patch.level" value="unknown"/>
    <property name="java.library.path" value="/usr/java/packages/lib/amd64:/usr/lib64:/lib64:/lib:/usr/lib"/>
    <property name="java.vm.info" value="mixed mode"/>
    <property name="java.vendor" value="Oracle Corporation"/>
    <property name="java.vm.version" value="25.241-b07"/>
    <property name="java.ext.dirs" value="/usr/lib/jvm/jdk1.8.0_241/jre/lib/ext:/usr/java/packages/lib/ext"/>
    <property name="sun.io.unicode.encoding" value="UnicodeLittle"/>
    <property name="java.class.version" value="52.0"/>
  </properties>
  <testcase name="checkTest on checkTest(Sureify.WebTestAutomationOutline.AppTest)" classname="Sureify.WebTestAutomationOutline.AppTest" time="0.009">
    <failure type="java.lang.NullPointerException">java.lang.NullPointerException
	at Sureify.WebTestAutomationOutline.AppTest.checkTest(AppTest.java:35)
</failure>
    <system-out><![CDATA[/home/madhubabu/Desktop/WorkBase/TestDev/Jbase/WebTestAutomationOutline
Check point 1
]]></system-out>
  </testcase>
</testsuite>