<?xml version="1.0" encoding="UTF-8"?>
<!-- Generated by org.testng.reporters.JUnitReportReporter -->
<testsuite skipped="0" hostname="sureifyadmin-Latitude-3400" name="tests.MainTestRunner" tests="1" failures="0" timestamp="2020-03-12T11:06:18 IST" time="28.355" errors="0">
  <testcase name="f" time="28.355" classname="tests.MainTestRunner"/>
  <system-out/>
</testsuite> <!-- tests.MainTestRunner -->
